app/build/outputs/logs/manifest-merger-debug-report.txt
-- Merging decision tree log ---
manifest
ADDED from src\main\AndroidManifest.xml:2:1-400:12
	package
		ADDED from src\main\AndroidManifest.xml:3:5-37
		INJECTED from src\main\AndroidManifest.xml
		INJECTED from src\main\AndroidManifest.xml
	android:versionName
		INJECTED from src\main\AndroidManifest.xml
		INJECTED from src\main\AndroidManifest.xml
	xmlns:android
		ADDED from src\main\AndroidManifest.xml:2:11-69
	android:versionCode
		INJECTED from src\main\AndroidManifest.xml
		INJECTED from src\main\AndroidManifest.xml
uses-sdk
ADDED from src\main\AndroidManifest.xml:5:5-7:41
MERGED from [wxt_teacher_android:libzxing:unspecified] AndroidManifest.xml:7:5-9:41
MERGED from [com.android.support:multidex:1.0.1] AndroidManifest.xml:18:5-42
MERGED from [com.android.support:design:23.4.0] AndroidManifest.xml:20:5-43
MERGED from [com.android.support:recyclerview-v7:23.4.0] AndroidManifest.xml:20:5-43
MERGED from [com.daimajia.slider:library:1.1.5] AndroidManifest.xml:7:5-9:41
MERGED from [com.7heaven.widgets:segmentcontrol:1.14] AndroidManifest.xml:7:5-9:41
MERGED from [cn.finalteam:galleryfinal:1.4.6] AndroidManifest.xml:7:5-9:41
MERGED from [pub.devrel:easypermissions:0.1.0] AndroidManifest.xml:7:5-9:41
MERGED from [cn.finalteam:toolsfinal:1.1.1] AndroidManifest.xml:7:5-9:41
MERGED from [com.baoyz.actionsheet:library:1.1.4] AndroidManifest.xml:7:5-9:41
MERGED from [com.kaopiz:kprogresshud:1.0.5] AndroidManifest.xml:7:5-9:41
MERGED from [com.zhy:okhttputils:2.6.2] AndroidManifest.xml:7:5-9:41
MERGED from [com.lguipeng.bubbleview:library:1.0.0] AndroidManifest.xml:7:5-9:41
MERGED from [com.android.support:appcompat-v7:23.4.0] AndroidManifest.xml:21:5-23:78
MERGED from [com.android.support:animated-vector-drawable:23.4.0] AndroidManifest.xml:5:5-44
MERGED from [com.android.support:support-vector-drawable:23.4.0] AndroidManifest.xml:5:5-43
MERGED from [com.android.support:support-v4:23.4.0] AndroidManifest.xml:20:5-43
	tools:overrideLibrary
		ADDED from [com.android.support:appcompat-v7:23.4.0] AndroidManifest.xml:23:9-75
	android:targetSdkVersion
		ADDED from src\main\AndroidManifest.xml:7:9-38
		INJECTED from src\main\AndroidManifest.xml
		INJECTED from src\main\AndroidManifest.xml
	android:minSdkVersion
		ADDED from src\main\AndroidManifest.xml:6:9-34
		INJECTED from src\main\AndroidManifest.xml
		INJECTED from src\main\AndroidManifest.xml
uses-permission#android.permission.INTERNET
ADDED from src\main\AndroidManifest.xml:9:5-67
MERGED from [com.daimajia.slider:library:1.1.5] AndroidManifest.xml:11:5-67
	android:name
		ADDED from src\main\AndroidManifest.xml:9:22-64
uses-permission#android.permission.CAMERA
ADDED from src\main\AndroidManifest.xml:14:5-65
MERGED from [wxt_teacher_android:libzxing:unspecified] AndroidManifest.xml:11:5-65
	android:name
		ADDED from src\main\AndroidManifest.xml:14:22-62
uses-permission#android.permission.VIBRATE
ADDED from src\main\AndroidManifest.xml:15:5-66
MERGED from [wxt_teacher_android:libzxing:unspecified] AndroidManifest.xml:12:5-66
	android:name
		ADDED from src\main\AndroidManifest.xml:15:22-63
uses-permission#android.permission.READ_EXTERNAL_STORAGE
ADDED from src\main\AndroidManifest.xml:16:5-80
MERGED from [cn.finalteam:galleryfinal:1.4.6] AndroidManifest.xml:16:5-80
MERGED from [cn.finalteam:toolsfinal:1.1.1] AndroidManifest.xml:16:5-80
	android:name
		ADDED from src\main\AndroidManifest.xml:16:22-77
uses-permission#android.permission.WRITE_EXTERNAL_STORAGE
ADDED from src\main\AndroidManifest.xml:17:5-81
MERGED from [com.daimajia.slider:library:1.1.5] AndroidManifest.xml:12:5-81
MERGED from [cn.finalteam:galleryfinal:1.4.6] AndroidManifest.xml:14:5-81
MERGED from [cn.finalteam:toolsfinal:1.1.1] AndroidManifest.xml:14:5-81
	android:name
		ADDED from src\main\AndroidManifest.xml:17:22-78
uses-permission#android.permission.MOUNT_UNMOUNT_FILESYSTEMS
ADDED from src\main\AndroidManifest.xml:18:5-84
MERGED from [cn.finalteam:galleryfinal:1.4.6] AndroidManifest.xml:12:5-84
MERGED from [cn.finalteam:toolsfinal:1.1.1] AndroidManifest.xml:12:5-84
	android:name
		ADDED from src\main\AndroidManifest.xml:18:22-81
uses-permission#android.hardware.sensor.accelerometer
ADDED from src\main\AndroidManifest.xml:20:5-77
	android:name
		ADDED from src\main\AndroidManifest.xml:20:22-74
uses-permission#android.permission.ACCESS_COARSE_LOCATION
ADDED from src\main\AndroidManifest.xml:23:5-81
	android:name
		ADDED from src\main\AndroidManifest.xml:23:22-78
uses-permission#android.permission.ACCESS_FINE_LOCATION
ADDED from src\main\AndroidManifest.xml:24:5-79
	android:name
		ADDED from src\main\AndroidManifest.xml:24:22-76
uses-permission#android.permission.ACCESS_WIFI_STATE
ADDED from src\main\AndroidManifest.xml:30:5-76
MERGED from [cn.finalteam:toolsfinal:1.1.1] AndroidManifest.xml:20:5-76
	android:name
		ADDED from src\main\AndroidManifest.xml:30:22-73
uses-permission#android.permission.ACCESS_NETWORK_STATE
ADDED from src\main\AndroidManifest.xml:32:5-79
MERGED from [cn.finalteam:toolsfinal:1.1.1] AndroidManifest.xml:24:5-79
	android:name
		ADDED from src\main\AndroidManifest.xml:32:22-76
uses-permission#android.permission.CHANGE_WIFI_STATE
ADDED from src\main\AndroidManifest.xml:34:5-76
	android:name
		ADDED from src\main\AndroidManifest.xml:34:22-73
uses-permission#android.permission.READ_PHONE_STATE
ADDED from src\main\AndroidManifest.xml:36:5-75
MERGED from [cn.finalteam:toolsfinal:1.1.1] AndroidManifest.xml:18:5-75
	android:name
		ADDED from src\main\AndroidManifest.xml:36:22-72
uses-permission#android.permission.READ_LOGS
ADDED from src\main\AndroidManifest.xml:44:5-68
	android:name
		ADDED from src\main\AndroidManifest.xml:44:22-65
uses-permission#android.permission.RECEIVE_BOOT_COMPLETED
ADDED from src\main\AndroidManifest.xml:49:5-81
	android:name
		ADDED from src\main\AndroidManifest.xml:49:22-78
uses-permission#android.permission.RESTART_PACKAGES
ADDED from src\main\AndroidManifest.xml:50:5-75
	android:name
		ADDED from src\main\AndroidManifest.xml:50:22-72
uses-permission#android.permission.BROADCAST_STICKY
ADDED from src\main\AndroidManifest.xml:51:5-75
	android:name
		ADDED from src\main\AndroidManifest.xml:51:22-72
uses-permission#android.permission.WRITE_SETTINGS
ADDED from src\main\AndroidManifest.xml:52:5-73
	android:name
		ADDED from src\main\AndroidManifest.xml:52:22-70
uses-permission#android.permission.RECEIVE_USER_PRESENT
ADDED from src\main\AndroidManifest.xml:53:5-79
	android:name
		ADDED from src\main\AndroidManifest.xml:53:22-76
uses-permission#android.permission.WAKE_LOCK
ADDED from src\main\AndroidManifest.xml:55:5-68
	android:name
		ADDED from src\main\AndroidManifest.xml:55:22-65
uses-permission#android.permission.KILL_BACKGROUND_PROCESSES
ADDED from src\main\AndroidManifest.xml:56:5-84
	android:name
		ADDED from src\main\AndroidManifest.xml:56:22-81
uses-permission#android.permission.GET_TASKS
ADDED from src\main\AndroidManifest.xml:57:5-68
MERGED from [cn.finalteam:toolsfinal:1.1.1] AndroidManifest.xml:22:5-68
	android:name
		ADDED from src\main\AndroidManifest.xml:57:22-65
uses-permission#android.permission.CALL_PHONE
ADDED from src\main\AndroidManifest.xml:60:5-69
MERGED from [cn.finalteam:toolsfinal:1.1.1] AndroidManifest.xml:26:5-69
	android:name
		ADDED from src\main\AndroidManifest.xml:60:22-66
uses-permission#android.permission.BLUETOOTH
ADDED from src\main\AndroidManifest.xml:79:5-68
	android:name
		ADDED from src\main\AndroidManifest.xml:79:22-65
uses-permission#android.permission.BATTERY_STATS
ADDED from src\main\AndroidManifest.xml:80:5-72
	android:name
		ADDED from src\main\AndroidManifest.xml:80:22-69
uses-permission#com.android.launcher.permission.READ_SETTINGS
ADDED from src\main\AndroidManifest.xml:83:5-85
	android:name
		ADDED from src\main\AndroidManifest.xml:83:22-82
uses-permission#android.permission.RECORD_AUDIO
ADDED from src\main\AndroidManifest.xml:92:5-71
	android:name
		ADDED from src\main\AndroidManifest.xml:92:22-68
uses-permission#android.permission.MODIFY_AUDIO_SETTINGS
ADDED from src\main\AndroidManifest.xml:103:5-80
	android:name
		ADDED from src\main\AndroidManifest.xml:103:22-77
uses-feature#android.hardware.camera
ADDED from src\main\AndroidManifest.xml:109:5-60
	android:name
		ADDED from src\main\AndroidManifest.xml:109:19-57
uses-feature#android.hardware.camera.autofocus
ADDED from src\main\AndroidManifest.xml:110:5-70
	android:name
		ADDED from src\main\AndroidManifest.xml:110:19-67
permission#${applicationId}.permission.JPUSH_MESSAGE
ADDED from src\main\AndroidManifest.xml:119:5-121:47
	android:protectionLevel
		ADDED from src\main\AndroidManifest.xml:121:9-44
	android:name
		ADDED from src\main\AndroidManifest.xml:120:9-65
		INJECTED from src\main\AndroidManifest.xml
uses-permission#${applicationId}.permission.JPUSH_MESSAGE
ADDED from src\main\AndroidManifest.xml:124:5-81
	android:name
		ADDED from src\main\AndroidManifest.xml:124:22-78
		INJECTED from src\main\AndroidManifest.xml
uses-permission#android.permission.ACCESS_LOCATION_EXTRA_COMMANDS
ADDED from src\main\AndroidManifest.xml:141:5-89
	android:name
		ADDED from src\main\AndroidManifest.xml:141:22-86
uses-permission#android.permission.CHANGE_NETWORK_STATE
ADDED from src\main\AndroidManifest.xml:142:5-79
	android:name
		ADDED from src\main\AndroidManifest.xml:142:22-76
uses-permission#android.permission.WRITE_OWNER_DATA
ADDED from src\main\AndroidManifest.xml:145:5-75
	android:name
		ADDED from src\main\AndroidManifest.xml:145:22-72
uses-permission#android.permission.SYSTEM_ALERT_WINDOW
ADDED from src\main\AndroidManifest.xml:146:5-78
	android:name
		ADDED from src\main\AndroidManifest.xml:146:22-75
uses-permission#android.permission.CHANGE_CONFIGURATION
ADDED from src\main\AndroidManifest.xml:147:5-79
	android:name
		ADDED from src\main\AndroidManifest.xml:147:22-76
application
ADDED from src\main\AndroidManifest.xml:150:5-398:19
MERGED from [wxt_teacher_android:libzxing:unspecified] AndroidManifest.xml:14:5-18:19
MERGED from [com.android.support:design:23.4.0] AndroidManifest.xml:22:5-20
MERGED from [com.7heaven.widgets:segmentcontrol:1.14] AndroidManifest.xml:11:5-14:19
MERGED from [cn.finalteam:galleryfinal:1.4.6] AndroidManifest.xml:18:5-30:19
MERGED from [pub.devrel:easypermissions:0.1.0] AndroidManifest.xml:11:5-14:19
MERGED from [com.kaopiz:kprogresshud:1.0.5] AndroidManifest.xml:11:5-13:38
MERGED from [com.lguipeng.bubbleview:library:1.0.0] AndroidManifest.xml:11:5-14:19
MERGED from [com.android.support:appcompat-v7:23.4.0] AndroidManifest.xml:25:5-20
MERGED from [com.android.support:animated-vector-drawable:23.4.0] AndroidManifest.xml:7:5-20
MERGED from [com.android.support:support-vector-drawable:23.4.0] AndroidManifest.xml:7:5-20
MERGED from [com.android.support:support-v4:23.4.0] AndroidManifest.xml:22:5-20
	android:label
		ADDED from src\main\AndroidManifest.xml:154:9-41
	android:supportsRtl
		ADDED from src\main\AndroidManifest.xml:155:9-35
	android:allowBackup
		ADDED from src\main\AndroidManifest.xml:152:9-35
	android:icon
		ADDED from src\main\AndroidManifest.xml:153:9-46
	android:theme
		ADDED from src\main\AndroidManifest.xml:156:9-40
	android:name
		ADDED from src\main\AndroidManifest.xml:151:9-44
activity#cn.xiaocool.wxtteacher.main.FullActivity
ADDED from src\main\AndroidManifest.xml:157:9-64
	android:name
		ADDED from src\main\AndroidManifest.xml:157:19-52
activity#cn.xiaocool.wxtteacher.main.SplashActivity
ADDED from src\main\AndroidManifest.xml:158:9-164:20
	android:name
		ADDED from src\main\AndroidManifest.xml:158:19-54
intent-filter#android.intent.action.MAIN+android.intent.category.LAUNCHER
ADDED from src\main\AndroidManifest.xml:159:13-163:29
action#android.intent.action.MAIN
ADDED from src\main\AndroidManifest.xml:160:17-69
	android:name
		ADDED from src\main\AndroidManifest.xml:160:25-66
category#android.intent.category.LAUNCHER
ADDED from src\main\AndroidManifest.xml:162:17-77
	android:name
		ADDED from src\main\AndroidManifest.xml:162:27-74
activity#cn.xiaocool.wxtteacher.main.LoginActivity
ADDED from src\main\AndroidManifest.xml:165:9-56
	android:name
		ADDED from src\main\AndroidManifest.xml:165:19-53
activity#cn.xiaocool.wxtteacher.main.ForgetPasswordActivity
ADDED from src\main\AndroidManifest.xml:166:9-65
	android:name
		ADDED from src\main\AndroidManifest.xml:166:19-62
activity#cn.xiaocool.wxtteacher.main.SetPasswordActivity
ADDED from src\main\AndroidManifest.xml:167:9-62
	android:name
		ADDED from src\main\AndroidManifest.xml:167:19-59
activity#cn.xiaocool.wxtteacher.main.RegisterActivity
ADDED from src\main\AndroidManifest.xml:168:9-59
	android:name
		ADDED from src\main\AndroidManifest.xml:168:19-56
activity#cn.xiaocool.wxtteacher.main.ResetPasswordActivity
ADDED from src\main\AndroidManifest.xml:169:9-64
	android:name
		ADDED from src\main\AndroidManifest.xml:169:19-61
activity#cn.xiaocool.wxtteacher.main.MainActivity
ADDED from src\main\AndroidManifest.xml:170:9-172:56
	android:launchMode
		ADDED from src\main\AndroidManifest.xml:172:13-44
	android:name
		ADDED from src\main\AndroidManifest.xml:171:13-46
activity#cn.xiaocool.wxtteacher.main.AnnouContentActivity
ADDED from src\main\AndroidManifest.xml:173:9-63
	android:name
		ADDED from src\main\AndroidManifest.xml:173:19-60
activity#cn.xiaocool.wxtteacher.main.SpaceClickAnnouActivity
ADDED from src\main\AndroidManifest.xml:174:9-66
	android:name
		ADDED from src\main\AndroidManifest.xml:174:19-63
activity#cn.xiaocool.wxtteacher.main.CircleImagesActivity
ADDED from src\main\AndroidManifest.xml:175:9-63
	android:name
		ADDED from src\main\AndroidManifest.xml:175:19-60
activity#cn.xiaocool.wxtteacher.main.GenerateQrCodeActivity
ADDED from src\main\AndroidManifest.xml:176:9-65
	android:name
		ADDED from src\main\AndroidManifest.xml:176:19-62
activity#cn.xiaocool.wxtteacher.main.MeHelpBackActivity
ADDED from src\main\AndroidManifest.xml:177:9-61
	android:name
		ADDED from src\main\AndroidManifest.xml:177:19-58
activity#cn.xiaocool.wxtteacher.main.SpaceClickClassActivity
ADDED from src\main\AndroidManifest.xml:178:9-66
	android:name
		ADDED from src\main\AndroidManifest.xml:178:19-63
activity#cn.xiaocool.wxtteacher.main.SpaceBabyAlbumActivity
ADDED from src\main\AndroidManifest.xml:179:9-65
	android:name
		ADDED from src\main\AndroidManifest.xml:179:19-62
activity#cn.xiaocool.wxtteacher.main.SpaceClickConfimActivity
ADDED from src\main\AndroidManifest.xml:180:9-67
	android:name
		ADDED from src\main\AndroidManifest.xml:180:19-64
activity#cn.xiaocool.wxtteacher.main.SpaceClickLeaveActivity
ADDED from src\main\AndroidManifest.xml:181:9-66
	android:name
		ADDED from src\main\AndroidManifest.xml:181:19-63
activity#cn.xiaocool.wxtteacher.main.SpaceClickRecipesActivity
ADDED from src\main\AndroidManifest.xml:182:9-68
	android:name
		ADDED from src\main\AndroidManifest.xml:182:19-65
activity#cn.xiaocool.wxtteacher.main.SpaceClickClassEventActivity
ADDED from src\main\AndroidManifest.xml:183:9-71
	android:name
		ADDED from src\main\AndroidManifest.xml:183:19-68
activity#cn.xiaocool.wxtteacher.main.SpaceClickClassSpecificEventActivity
ADDED from src\main\AndroidManifest.xml:184:9-79
	android:name
		ADDED from src\main\AndroidManifest.xml:184:19-76
activity#cn.xiaocool.wxtteacher.main.SpaceClickRecipesItemActivity
ADDED from src\main\AndroidManifest.xml:185:9-72
	android:name
		ADDED from src\main\AndroidManifest.xml:185:19-69
activity#cn.xiaocool.wxtteacher.main.SpeaceSchoolWebActivity
ADDED from src\main\AndroidManifest.xml:186:9-66
	android:name
		ADDED from src\main\AndroidManifest.xml:186:19-63
activity#cn.xiaocool.wxtteacher.main.WebClickRearingChildActivity
ADDED from src\main\AndroidManifest.xml:187:9-71
	android:name
		ADDED from src\main\AndroidManifest.xml:187:19-68
activity#cn.xiaocool.wxtteacher.main.WebClickRearingChildSpecificActivity
ADDED from src\main\AndroidManifest.xml:188:9-79
	android:name
		ADDED from src\main\AndroidManifest.xml:188:19-76
activity#cn.xiaocool.wxtteacher.main.WebClickIntroduceActivity
ADDED from src\main\AndroidManifest.xml:189:9-68
	android:name
		ADDED from src\main\AndroidManifest.xml:189:19-65
activity#cn.xiaocool.wxtteacher.main.SpaceClickTeacherRemarkONActivity
ADDED from src\main\AndroidManifest.xml:190:9-192:72
	android:windowSoftInputMode
		ADDED from src\main\AndroidManifest.xml:192:13-69
	android:name
		ADDED from src\main\AndroidManifest.xml:191:13-67
activity#cn.xiaocool.wxtteacher.main.SpaceClickTeacherReviewActivity
ADDED from src\main\AndroidManifest.xml:193:9-74
	android:name
		ADDED from src\main\AndroidManifest.xml:193:19-71
activity#cn.xiaocool.wxtteacher.main.SpaceClickAttendanceActivity
ADDED from src\main\AndroidManifest.xml:194:9-71
	android:name
		ADDED from src\main\AndroidManifest.xml:194:19-68
activity#cn.xiaocool.wxtteacher.main.SpaceClickCoursewareActivity
ADDED from src\main\AndroidManifest.xml:195:9-71
	android:name
		ADDED from src\main\AndroidManifest.xml:195:19-68
activity#cn.xiaocool.wxtteacher.main.WebClickEditActivity
ADDED from src\main\AndroidManifest.xml:196:9-63
	android:name
		ADDED from src\main\AndroidManifest.xml:196:19-60
activity#cn.xiaocool.wxtteacher.main.MySendMessageToTeacherActivity
ADDED from src\main\AndroidManifest.xml:197:9-73
	android:name
		ADDED from src\main\AndroidManifest.xml:197:19-70
activity#cn.xiaocool.wxtteacher.main.FunctionWeekendPlanActivity
ADDED from src\main\AndroidManifest.xml:198:9-70
	android:name
		ADDED from src\main\AndroidManifest.xml:198:19-67
activity#cn.xiaocool.wxtteacher.main.NewsGroupActivity
ADDED from src\main\AndroidManifest.xml:199:9-60
	android:name
		ADDED from src\main\AndroidManifest.xml:199:19-57
activity#cn.xiaocool.wxtteacher.main.AddChildrenActivity
ADDED from src\main\AndroidManifest.xml:200:9-62
	android:name
		ADDED from src\main\AndroidManifest.xml:200:19-59
activity#cn.xiaocool.wxtteacher.main.ReceiveParentWarnActivity
ADDED from src\main\AndroidManifest.xml:201:9-203:55
	android:windowSoftInputMode
		ADDED from src\main\AndroidManifest.xml:203:13-52
	android:name
		ADDED from src\main\AndroidManifest.xml:202:13-59
activity#cn.xiaocool.wxtteacher.main.AnnouncementActivity
ADDED from src\main\AndroidManifest.xml:204:9-63
	android:name
		ADDED from src\main\AndroidManifest.xml:204:19-60
activity#cn.xiaocool.wxtteacher.main.SpaceClickHomeworkActivity
ADDED from src\main\AndroidManifest.xml:205:9-69
	android:name
		ADDED from src\main\AndroidManifest.xml:205:19-66
activity#cn.xiaocool.wxtteacher.main.ChooseCollectActivity
ADDED from src\main\AndroidManifest.xml:206:9-64
	android:name
		ADDED from src\main\AndroidManifest.xml:206:19-61
activity#cn.xiaocool.wxtteacher.main.AddHomeworkActivity
ADDED from src\main\AndroidManifest.xml:207:9-62
	android:name
		ADDED from src\main\AndroidManifest.xml:207:19-59
activity#cn.xiaocool.wxtteacher.main.MyClassListActivity
ADDED from src\main\AndroidManifest.xml:208:9-62
	android:name
		ADDED from src\main\AndroidManifest.xml:208:19-59
activity#cn.xiaocool.wxtteacher.release.MultiImageSelectorActivity
ADDED from src\main\AndroidManifest.xml:209:9-72
	android:name
		ADDED from src\main\AndroidManifest.xml:209:19-69
activity#cn.xiaocool.wxtteacher.main.AddBacklogActivity
ADDED from src\main\AndroidManifest.xml:210:9-61
	android:name
		ADDED from src\main\AndroidManifest.xml:210:19-58
activity#cn.xiaocool.wxtteacher.main.AddBacklogChooseTeacherActivity
ADDED from src\main\AndroidManifest.xml:211:9-74
	android:name
		ADDED from src\main\AndroidManifest.xml:211:19-71
activity#cn.xiaocool.wxtteacher.main.BacklogActivity
ADDED from src\main\AndroidManifest.xml:212:9-58
	android:name
		ADDED from src\main\AndroidManifest.xml:212:19-55
activity#cn.xiaocool.wxtteacher.main.BabyAlbumAddActivity
ADDED from src\main\AndroidManifest.xml:213:9-63
	android:name
		ADDED from src\main\AndroidManifest.xml:213:19-60
activity#cn.xiaocool.wxtteacher.main.MyCollectClassListActivity
ADDED from src\main\AndroidManifest.xml:214:9-69
	android:name
		ADDED from src\main\AndroidManifest.xml:214:19-66
activity#cn.xiaocool.wxtteacher.main.AnnouncementCommentActivity
ADDED from src\main\AndroidManifest.xml:215:9-70
	android:name
		ADDED from src\main\AndroidManifest.xml:215:19-67
activity#cn.xiaocool.wxtteacher.main.HomeworkCommentActivity
ADDED from src\main\AndroidManifest.xml:216:9-66
	android:name
		ADDED from src\main\AndroidManifest.xml:216:19-63
activity#cn.xiaocool.wxtteacher.main.ParentWarnCommentActivity
ADDED from src\main\AndroidManifest.xml:217:9-68
	android:name
		ADDED from src\main\AndroidManifest.xml:217:19-65
activity#cn.xiaocool.wxtteacher.main.ChooseParentsActivity
ADDED from src\main\AndroidManifest.xml:218:9-64
	android:name
		ADDED from src\main\AndroidManifest.xml:218:19-61
activity#cn.xiaocool.wxtteacher.main.SystemNewsDetailActivity
ADDED from src\main\AndroidManifest.xml:219:9-67
	android:name
		ADDED from src\main\AndroidManifest.xml:219:19-64
activity#cn.xiaocool.wxtteacher.main.SystemNewsActivity
ADDED from src\main\AndroidManifest.xml:220:9-61
	android:name
		ADDED from src\main\AndroidManifest.xml:220:19-58
activity#cn.xiaocool.wxtteacher.main.AnnouncementDetailActivity
ADDED from src\main\AndroidManifest.xml:221:9-69
	android:name
		ADDED from src\main\AndroidManifest.xml:221:19-66
activity#cn.xiaocool.wxtteacher.main.BacklogDetailActivity
ADDED from src\main\AndroidManifest.xml:222:9-64
	android:name
		ADDED from src\main\AndroidManifest.xml:222:19-61
activity#cn.xiaocool.wxtteacher.main.HomeworkDetailActivity
ADDED from src\main\AndroidManifest.xml:223:9-65
	android:name
		ADDED from src\main\AndroidManifest.xml:223:19-62
activity#cn.xiaocool.wxtteacher.main.BacklogNextDetailActivity
ADDED from src\main\AndroidManifest.xml:224:9-68
	android:name
		ADDED from src\main\AndroidManifest.xml:224:19-65
activity#cn.xiaocool.wxtteacher.main.AlbumDetailActivity
ADDED from src\main\AndroidManifest.xml:225:9-62
	android:name
		ADDED from src\main\AndroidManifest.xml:225:19-59
activity#cn.xiaocool.wxtteacher.main.AddAlbumActivity
ADDED from src\main\AndroidManifest.xml:226:9-59
	android:name
		ADDED from src\main\AndroidManifest.xml:226:19-56
activity#cn.xiaocool.wxtteacher.main.RecipeImgDetailActivity
ADDED from src\main\AndroidManifest.xml:227:9-66
	android:name
		ADDED from src\main\AndroidManifest.xml:227:19-63
activity#cn.xiaocool.wxtteacher.main.AttendanceHistoryActivity
ADDED from src\main\AndroidManifest.xml:228:9-68
	android:name
		ADDED from src\main\AndroidManifest.xml:228:19-65
activity#cn.xiaocool.wxtteacher.main.AttendancePrivilegeActivity
ADDED from src\main\AndroidManifest.xml:229:9-70
	android:name
		ADDED from src\main\AndroidManifest.xml:229:19-67
activity#cn.xiaocool.wxtteacher.main.TeacherSingleReviewActivity
ADDED from src\main\AndroidManifest.xml:230:9-232:72
	android:windowSoftInputMode
		ADDED from src\main\AndroidManifest.xml:232:13-69
	android:name
		ADDED from src\main\AndroidManifest.xml:231:13-61
activity#cn.xiaocool.wxtteacher.main.NewsGroupReciveDetailActivity
ADDED from src\main\AndroidManifest.xml:233:9-72
	android:name
		ADDED from src\main\AndroidManifest.xml:233:19-69
activity#cn.xiaocool.wxtteacher.main.WriteAnnouncementActivity
ADDED from src\main\AndroidManifest.xml:235:9-68
	android:name
		ADDED from src\main\AndroidManifest.xml:235:19-65
activity#cn.xiaocool.wxtteacher.main.SpaceClassAttendanceActivity
ADDED from src\main\AndroidManifest.xml:236:9-71
	android:name
		ADDED from src\main\AndroidManifest.xml:236:19-68
activity#cn.xiaocool.wxtteacher.main.TeacherReviewDetailActivity
ADDED from src\main\AndroidManifest.xml:237:9-70
	android:name
		ADDED from src\main\AndroidManifest.xml:237:19-67
activity#cn.xiaocool.wxtteacher.main.SpaceClickGrowActivity
ADDED from src\main\AndroidManifest.xml:238:9-65
	android:name
		ADDED from src\main\AndroidManifest.xml:238:19-62
activity#cn.xiaocool.wxtteacher.main.AddClassEventActivity
ADDED from src\main\AndroidManifest.xml:239:9-64
	android:name
		ADDED from src\main\AndroidManifest.xml:239:19-61
activity#cn.xiaocool.wxtteacher.main.ReadAndNoreadActivity
ADDED from src\main\AndroidManifest.xml:240:9-64
	android:name
		ADDED from src\main\AndroidManifest.xml:240:19-61
activity#cn.xiaocool.wxtteacher.main.NewsGroupDetailActivity
ADDED from src\main\AndroidManifest.xml:241:9-66
	android:name
		ADDED from src\main\AndroidManifest.xml:241:19-63
activity#cn.xiaocool.wxtteacher.main.ClassEventsDetailActivity
ADDED from src\main\AndroidManifest.xml:242:9-68
	android:name
		ADDED from src\main\AndroidManifest.xml:242:19-65
activity#cn.xiaocool.wxtteacher.main.AddConfimActivity
ADDED from src\main\AndroidManifest.xml:243:9-60
	android:name
		ADDED from src\main\AndroidManifest.xml:243:19-57
activity#cn.xiaocool.wxtteacher.main.CoursewareDetailActivity
ADDED from src\main\AndroidManifest.xml:244:9-67
	android:name
		ADDED from src\main\AndroidManifest.xml:244:19-64
activity#cn.xiaocool.wxtteacher.main.AddCoursewareActivity
ADDED from src\main\AndroidManifest.xml:245:9-64
	android:name
		ADDED from src\main\AndroidManifest.xml:245:19-61
activity#cn.xiaocool.wxtteacher.main.TrendsDetailActivity
ADDED from src\main\AndroidManifest.xml:246:9-63
	android:name
		ADDED from src\main\AndroidManifest.xml:246:19-60
activity#cn.xiaocool.wxtteacher.main.AddWeekPlanActivity
ADDED from src\main\AndroidManifest.xml:247:9-62
	android:name
		ADDED from src\main\AndroidManifest.xml:247:19-59
activity#cn.xiaocool.wxtteacher.main.AddClassCourseActivity
ADDED from src\main\AndroidManifest.xml:248:9-65
	android:name
		ADDED from src\main\AndroidManifest.xml:248:19-62
activity#cn.xiaocool.wxtteacher.main.AddTrendActivity
ADDED from src\main\AndroidManifest.xml:249:9-59
	android:name
		ADDED from src\main\AndroidManifest.xml:249:19-56
activity#cn.xiaocool.wxtteacher.main.SpaceClikInfomationActivity
ADDED from src\main\AndroidManifest.xml:250:9-70
	android:name
		ADDED from src\main\AndroidManifest.xml:250:19-67
activity#cn.xiaocool.wxtteacher.main.ClikInfomationPrivilegeActivity
ADDED from src\main\AndroidManifest.xml:251:9-74
	android:name
		ADDED from src\main\AndroidManifest.xml:251:19-71
activity#cn.xiaocool.wxtteacher.main.TeacherStyleActivity
ADDED from src\main\AndroidManifest.xml:252:9-63
	android:name
		ADDED from src\main\AndroidManifest.xml:252:19-60
activity#cn.xiaocool.wxtteacher.main.TeacherInfoWebDetailActivity
ADDED from src\main\AndroidManifest.xml:253:9-71
	android:name
		ADDED from src\main\AndroidManifest.xml:253:19-68
activity#cn.xiaocool.wxtteacher.main.ApplySchoolActivity
ADDED from src\main\AndroidManifest.xml:254:9-62
	android:name
		ADDED from src\main\AndroidManifest.xml:254:19-59
activity#cn.xiaocool.wxtteacher.main.ChildStarActivity
ADDED from src\main\AndroidManifest.xml:255:9-60
	android:name
		ADDED from src\main\AndroidManifest.xml:255:19-57
activity#cn.xiaocool.wxtteacher.main.AddressActivity
ADDED from src\main\AndroidManifest.xml:256:9-58
	android:name
		ADDED from src\main\AndroidManifest.xml:256:19-55
activity#cn.xiaocool.wxtteacher.main.TeacherCommunicationActivity
ADDED from src\main\AndroidManifest.xml:257:9-71
	android:name
		ADDED from src\main\AndroidManifest.xml:257:19-68
activity#cn.xiaocool.wxtteacher.main.AddNewsGroupActivity
ADDED from src\main\AndroidManifest.xml:258:9-63
	android:name
		ADDED from src\main\AndroidManifest.xml:258:19-60
activity#cn.xiaocool.wxtteacher.main.SettingActivity
ADDED from src\main\AndroidManifest.xml:259:9-58
	android:name
		ADDED from src\main\AndroidManifest.xml:259:19-55
activity#cn.xiaocool.wxtteacher.main.SuggestBackActivity
ADDED from src\main\AndroidManifest.xml:260:9-62
	android:name
		ADDED from src\main\AndroidManifest.xml:260:19-59
activity#cn.xiaocool.wxtteacher.main.AboutUsActivity
ADDED from src\main\AndroidManifest.xml:261:9-58
	android:name
		ADDED from src\main\AndroidManifest.xml:261:19-55
activity#cn.xiaocool.wxtteacher.main.FunctionWeekendPlanDetailActivity
ADDED from src\main\AndroidManifest.xml:262:9-76
	android:name
		ADDED from src\main\AndroidManifest.xml:262:19-73
activity#cn.xiaocool.wxtteacher.main.UpdatePhoneActivity
ADDED from src\main\AndroidManifest.xml:263:9-62
	android:name
		ADDED from src\main\AndroidManifest.xml:263:19-59
activity#cn.xiaocool.wxtteacher.main.ClassEventReadAndNreadActivity
ADDED from src\main\AndroidManifest.xml:264:9-73
	android:name
		ADDED from src\main\AndroidManifest.xml:264:19-70
activity#cn.xiaocool.wxtteacher.main.IntroduceClassActivity
ADDED from src\main\AndroidManifest.xml:265:9-65
	android:name
		ADDED from src\main\AndroidManifest.xml:265:19-62
activity#cn.xiaocool.wxtteacher.main.PeopleCountActivity
ADDED from src\main\AndroidManifest.xml:266:9-62
	android:name
		ADDED from src\main\AndroidManifest.xml:266:19-59
activity#cn.xiaocool.wxtteacher.main.ChooseSubjectActivity
ADDED from src\main\AndroidManifest.xml:267:9-64
	android:name
		ADDED from src\main\AndroidManifest.xml:267:19-61
activity#cn.xiaocool.wxtteacher.main.ManyClassActivity
ADDED from src\main\AndroidManifest.xml:268:9-60
	android:name
		ADDED from src\main\AndroidManifest.xml:268:19-57
activity#cn.xiaocool.wxtteacher.main.ResetSecretActivity
ADDED from src\main\AndroidManifest.xml:269:9-62
	android:name
		ADDED from src\main\AndroidManifest.xml:269:19-59
activity#cn.xiaocool.wxtteacher.main.ShareAppActivity
ADDED from src\main\AndroidManifest.xml:270:9-59
	android:name
		ADDED from src\main\AndroidManifest.xml:270:19-56
activity#cn.xiaocool.wxtteacher.main.NoticeReciveDetailActivity
ADDED from src\main\AndroidManifest.xml:271:9-69
	android:name
		ADDED from src\main\AndroidManifest.xml:271:19-66
activity#cn.xiaocool.wxtteacher.main.SuggestListActivity
ADDED from src\main\AndroidManifest.xml:272:9-61
	android:name
		ADDED from src\main\AndroidManifest.xml:272:19-59
activity#cn.xiaocool.wxtteacher.camera.DeviceInfoListActivity
ADDED from src\main\AndroidManifest.xml:273:9-66
	android:name
		ADDED from src\main\AndroidManifest.xml:273:19-64
activity#cn.xiaocool.wxtteacher.camera.ez_camera.EZRealPlayActivity
ADDED from src\main\AndroidManifest.xml:274:9-276:51